C:\USERS\GREG\DOCUMENTS\VISUAL STUDIO 2012\PROJECTS\VOLUMETRICRENDERER\VOLUMETRICRENDERER\DEBUG\VOLUMETRICRENDERER.PCH
C:\USERS\GREG\DOCUMENTS\VISUAL STUDIO 2012\PROJECTS\VOLUMETRICRENDERER\VOLUMETRICRENDERER\DEBUG\STDAFX.OBJ
C:\USERS\GREG\DOCUMENTS\VISUAL STUDIO 2012\PROJECTS\VOLUMETRICRENDERER\VOLUMETRICRENDERER\DEBUG\VC110.PDB
C:\USERS\GREG\DOCUMENTS\VISUAL STUDIO 2012\PROJECTS\VOLUMETRICRENDERER\VOLUMETRICRENDERER\DEBUG\BUFFERPARSER.OBJ
C:\USERS\GREG\DOCUMENTS\VISUAL STUDIO 2012\PROJECTS\VOLUMETRICRENDERER\VOLUMETRICRENDERER\DEBUG\EASYBMP.OBJ
C:\USERS\GREG\DOCUMENTS\VISUAL STUDIO 2012\PROJECTS\VOLUMETRICRENDERER\VOLUMETRICRENDERER\DEBUG\LIGHTRAY.OBJ
C:\USERS\GREG\DOCUMENTS\VISUAL STUDIO 2012\PROJECTS\VOLUMETRICRENDERER\VOLUMETRICRENDERER\DEBUG\NODE.OBJ
C:\USERS\GREG\DOCUMENTS\VISUAL STUDIO 2012\PROJECTS\VOLUMETRICRENDERER\VOLUMETRICRENDERER\DEBUG\RAY.OBJ
C:\USERS\GREG\DOCUMENTS\VISUAL STUDIO 2012\PROJECTS\VOLUMETRICRENDERER\VOLUMETRICRENDERER\DEBUG\VOLUMETRICRENDERER.OBJ
C:\Users\Greg\documents\visual studio 2012\Projects\VolumetricRenderer\VolumetricRenderer\Debug\BufferParser.obj
C:\Users\Greg\documents\visual studio 2012\Projects\VolumetricRenderer\VolumetricRenderer\Debug\EasyBMP.obj
C:\Users\Greg\documents\visual studio 2012\Projects\VolumetricRenderer\VolumetricRenderer\Debug\LightRay.obj
C:\Users\Greg\documents\visual studio 2012\Projects\VolumetricRenderer\VolumetricRenderer\Debug\Node.obj
C:\Users\Greg\documents\visual studio 2012\Projects\VolumetricRenderer\VolumetricRenderer\Debug\Ray.obj
C:\Users\Greg\documents\visual studio 2012\Projects\VolumetricRenderer\VolumetricRenderer\Debug\stdafx.obj
C:\Users\Greg\documents\visual studio 2012\Projects\VolumetricRenderer\VolumetricRenderer\Debug\VolumetricRenderer.obj
C:\Users\Greg\documents\visual studio 2012\Projects\VolumetricRenderer\VolumetricRenderer\Debug\cl.command.1.tlog
C:\Users\Greg\documents\visual studio 2012\Projects\VolumetricRenderer\VolumetricRenderer\Debug\CL.read.1.tlog
C:\Users\Greg\documents\visual studio 2012\Projects\VolumetricRenderer\VolumetricRenderer\Debug\CL.write.1.tlog
C:\Users\Greg\documents\visual studio 2012\Projects\VolumetricRenderer\VolumetricRenderer\Debug\link-cvtres.read.1.tlog
C:\Users\Greg\documents\visual studio 2012\Projects\VolumetricRenderer\VolumetricRenderer\Debug\link-cvtres.write.1.tlog
C:\Users\Greg\documents\visual studio 2012\Projects\VolumetricRenderer\VolumetricRenderer\Debug\link-rc.read.1.tlog
C:\Users\Greg\documents\visual studio 2012\Projects\VolumetricRenderer\VolumetricRenderer\Debug\link-rc.write.1.tlog
C:\Users\Greg\documents\visual studio 2012\Projects\VolumetricRenderer\VolumetricRenderer\Debug\link.command.1.tlog
C:\Users\Greg\documents\visual studio 2012\Projects\VolumetricRenderer\VolumetricRenderer\Debug\link.read.1.tlog
C:\Users\Greg\documents\visual studio 2012\Projects\VolumetricRenderer\VolumetricRenderer\Debug\link.write.1.tlog
C:\Users\Greg\documents\visual studio 2012\Projects\VolumetricRenderer\VolumetricRenderer\Debug\VolumetricRenderer.pch
C:\Users\Greg\documents\visual studio 2012\Projects\VolumetricRenderer\VolumetricRenderer\Debug\vc110.idb
C:\Users\Greg\documents\visual studio 2012\Projects\VolumetricRenderer\VolumetricRenderer\Debug\vc110.pdb
C:\Users\Greg\documents\visual studio 2012\Projects\VolumetricRenderer\Debug\VolumetricRenderer.pdb
